C:\USERS\JANGO\DESKTOP\GIT\COMPUTERGRAPHIC\OPENGL\PROJECTS\WIN\GLSPIKE\GLSPIKE\DEBUG\LUTIL.OBJ
C:\USERS\JANGO\DESKTOP\GIT\COMPUTERGRAPHIC\OPENGL\PROJECTS\WIN\GLSPIKE\GLSPIKE\DEBUG\MAIN.OBJ
C:\USERS\JANGO\DESKTOP\GIT\COMPUTERGRAPHIC\OPENGL\PROJECTS\WIN\GLSPIKE\GLSPIKE\DEBUG\VC110.PDB
C:\USERS\JANGO\DESKTOP\GIT\COMPUTERGRAPHIC\OPENGL\PROJECTS\WIN\GLSPIKE\DEBUG\GLSPIKE.ILK
C:\USERS\JANGO\DESKTOP\GIT\COMPUTERGRAPHIC\OPENGL\PROJECTS\WIN\GLSPIKE\DEBUG\GLSPIKE.EXE
C:\USERS\JANGO\DESKTOP\GIT\COMPUTERGRAPHIC\OPENGL\PROJECTS\WIN\GLSPIKE\DEBUG\GLSPIKE.PDB
C:\USERS\JANGO\DESKTOP\GIT\COMPUTERGRAPHIC\OPENGL\PROJECTS\WIN\GLSPIKE\GLSPIKE\DEBUG\GLSPIKE.RES
C:\Users\Jango\Desktop\GIT\ComputerGraphic\OpenGL\projects\win\glSpike\glSpike\Debug\LUtil.obj
C:\Users\Jango\Desktop\GIT\ComputerGraphic\OpenGL\projects\win\glSpike\glSpike\Debug\main.obj
C:\Users\Jango\Desktop\GIT\ComputerGraphic\OpenGL\projects\win\glSpike\glSpike\Debug\cl.command.1.tlog
C:\Users\Jango\Desktop\GIT\ComputerGraphic\OpenGL\projects\win\glSpike\glSpike\Debug\CL.read.1.tlog
C:\Users\Jango\Desktop\GIT\ComputerGraphic\OpenGL\projects\win\glSpike\glSpike\Debug\CL.write.1.tlog
C:\Users\Jango\Desktop\GIT\ComputerGraphic\OpenGL\projects\win\glSpike\glSpike\Debug\link-cvtres.read.1.tlog
C:\Users\Jango\Desktop\GIT\ComputerGraphic\OpenGL\projects\win\glSpike\glSpike\Debug\link-cvtres.write.1.tlog
C:\Users\Jango\Desktop\GIT\ComputerGraphic\OpenGL\projects\win\glSpike\glSpike\Debug\link-rc.read.1.tlog
C:\Users\Jango\Desktop\GIT\ComputerGraphic\OpenGL\projects\win\glSpike\glSpike\Debug\link-rc.write.1.tlog
C:\Users\Jango\Desktop\GIT\ComputerGraphic\OpenGL\projects\win\glSpike\glSpike\Debug\link.command.1.tlog
C:\Users\Jango\Desktop\GIT\ComputerGraphic\OpenGL\projects\win\glSpike\glSpike\Debug\link.read.1.tlog
C:\Users\Jango\Desktop\GIT\ComputerGraphic\OpenGL\projects\win\glSpike\glSpike\Debug\link.write.1.tlog
C:\Users\Jango\Desktop\GIT\ComputerGraphic\OpenGL\projects\win\glSpike\glSpike\Debug\rc.command.1.tlog
C:\Users\Jango\Desktop\GIT\ComputerGraphic\OpenGL\projects\win\glSpike\glSpike\Debug\rc.read.1.tlog
C:\Users\Jango\Desktop\GIT\ComputerGraphic\OpenGL\projects\win\glSpike\glSpike\Debug\rc.write.1.tlog
C:\Users\Jango\Desktop\GIT\ComputerGraphic\OpenGL\projects\win\glSpike\glSpike\Debug\glSpike.res
C:\Users\Jango\Desktop\GIT\ComputerGraphic\OpenGL\projects\win\glSpike\glSpike\Debug\vc110.idb
C:\Users\Jango\Desktop\GIT\ComputerGraphic\OpenGL\projects\win\glSpike\glSpike\Debug\vc110.pdb
C:\Users\Jango\Desktop\GIT\ComputerGraphic\OpenGL\projects\win\glSpike\Debug\glSpike.pdb
C:\Users\Jango\Desktop\GIT\ComputerGraphic\OpenGL\projects\win\glSpike\Debug\glSpike.exe
C:\Users\Jango\Desktop\GIT\ComputerGraphic\OpenGL\projects\win\glSpike\Debug\glSpike.ilk
