c:\users\jango\desktop\q2\q\viewer\release\x64\vc120.pdb
c:\users\jango\desktop\q2\q\viewer\release\x64\render.obj
c:\users\jango\desktop\q2\q\viewer\release\x64\mtracerfile.obj
c:\users\jango\desktop\q2\q\viewer\release\x64\main.obj
c:\users\jango\desktop\q2\q\viewer\release\x64\dummyswing.obj
c:\users\jango\desktop\q2\q\viewer\release\x64\club.obj
c:\users\jango\desktop\q2\q\bin\x64\viewer.exe
c:\users\jango\desktop\q2\q\bin\x64\viewer.pdb
c:\users\jango\desktop\q2\q\viewer\release\x64\resources.res
c:\users\jango\desktop\q2\q\viewer\..\bin\x64\viewer.pdb
c:\users\jango\desktop\q2\q\viewer\..\bin\x64\viewer.exe
c:\users\jango\desktop\q2\q\viewer\release\x64\viewer.tlog\cl.command.1.tlog
c:\users\jango\desktop\q2\q\viewer\release\x64\viewer.tlog\cl.read.1.tlog
c:\users\jango\desktop\q2\q\viewer\release\x64\viewer.tlog\cl.write.1.tlog
c:\users\jango\desktop\q2\q\viewer\release\x64\viewer.tlog\link.command.1.tlog
c:\users\jango\desktop\q2\q\viewer\release\x64\viewer.tlog\link.read.1.tlog
c:\users\jango\desktop\q2\q\viewer\release\x64\viewer.tlog\link.write.1.tlog
c:\users\jango\desktop\q2\q\viewer\release\x64\viewer.tlog\rc.command.1.tlog
c:\users\jango\desktop\q2\q\viewer\release\x64\viewer.tlog\rc.read.1.tlog
c:\users\jango\desktop\q2\q\viewer\release\x64\viewer.tlog\rc.write.1.tlog
